TN:
SF:src/domain/errors/AppError.ts
FN:5,(anonymous_0)
FN:13,(anonymous_1)
FN:17,(anonymous_2)
FN:21,(anonymous_3)
FN:25,(anonymous_4)
FN:29,(anonymous_5)
FNF:6
FNH:6
FNDA:33,(anonymous_0)
FNDA:33,(anonymous_1)
FNDA:33,(anonymous_2)
FNDA:33,(anonymous_3)
FNDA:33,(anonymous_4)
FNDA:33,(anonymous_5)
DA:6,33
DA:7,33
DA:8,33
DA:10,33
DA:14,10
DA:18,3
DA:22,4
DA:26,5
DA:30,3
LF:9
LH:9
BRDA:5,0,0,33
BRF:1
BRH:1
end_of_record
TN:
SF:src/domain/repositories/ITenderRepository.ts
FNF:0
FNH:0
LF:0
LH:0
BRF:0
BRH:0
end_of_record
TN:
SF:src/domain/repositories/UserRepository.ts
FNF:0
FNH:0
LF:0
LH:0
BRF:0
BRH:0
end_of_record
TN:
SF:src/domain/schemas/TenderAnalysisSchema.ts
FNF:0
FNH:0
DA:3,2
DA:9,2
DA:23,2
DA:30,2
DA:52,2
DA:59,2
LF:6
LH:6
BRF:0
BRH:0
end_of_record
TN:
SF:src/domain/services/RequirementsExtractor.ts
FN:5,(anonymous_0)
FN:10,(anonymous_1)
FN:11,(anonymous_2)
FN:20,(anonymous_3)
FN:29,(anonymous_4)
FNF:5
FNH:5
FNDA:5,(anonymous_0)
FNDA:18,(anonymous_1)
FNDA:18,(anonymous_2)
FNDA:40,(anonymous_3)
FNDA:25,(anonymous_4)
DA:8,5
DA:10,18
DA:11,18
DA:12,5
DA:14,5
DA:17,5
DA:19,5
DA:20,40
DA:21,5
DA:29,25
DA:35,5
LF:11
LH:11
BRDA:20,0,0,5
BRDA:20,0,1,6
BRF:2
BRH:2
end_of_record
TN:
SF:src/domain/validation/ValidationEngine.ts
FN:6,(anonymous_0)
FN:8,(anonymous_1)
FNF:2
FNH:2
FNDA:8,(anonymous_0)
FNDA:9,(anonymous_1)
DA:6,8
DA:9,9
DA:11,9
DA:12,7
DA:13,7
DA:14,4
DA:18,9
LF:7
LH:7
BRDA:13,0,0,4
BRDA:13,0,1,3
BRF:2
BRH:2
end_of_record
TN:
SF:src/domain/validation/ValidationRuleFactory.ts
FN:6,(anonymous_0)
FNF:1
FNH:1
FNDA:4,(anonymous_0)
DA:7,6
DA:8,6
DA:10,6
DA:11,6
DA:16,5
DA:17,3
DA:18,3
DA:19,3
DA:21,3
DA:24,2
DA:28,4
LF:11
LH:11
BRDA:8,0,0,6
BRDA:8,0,1,2
BRDA:16,1,0,3
BRDA:16,1,1,2
BRDA:16,2,0,5
BRDA:16,2,1,3
BRDA:18,3,0,3
BRDA:18,3,1,0
BRDA:19,4,0,3
BRDA:19,4,1,0
BRF:10
BRH:8
end_of_record
TN:
SF:src/domain/validation/rules/ScopeValidationRule.ts
FN:8,(anonymous_0)
FN:13,(anonymous_1)
FN:17,(anonymous_2)
FN:37,(anonymous_3)
FNF:4
FNH:4
FNDA:12,(anonymous_0)
FNDA:7,(anonymous_1)
FNDA:8,(anonymous_2)
FNDA:19,(anonymous_3)
DA:6,12
DA:9,12
DA:10,12
DA:14,7
DA:17,8
DA:21,7
DA:22,26
DA:23,3
DA:37,4
DA:38,19
DA:40,4
DA:41,1
DA:54,3
LF:13
LH:13
BRDA:17,0,0,7
BRDA:17,0,1,4
BRDA:22,1,0,3
BRDA:22,1,1,23
BRDA:40,2,0,1
BRDA:40,2,1,3
BRF:6
BRH:6
end_of_record
